# JRE version: OpenJDK Runtime Environment 18.9 (11.0.14.1+1) (build 11.0.14.1+1)
# Java VM: OpenJDK 64-Bit Server VM 18.9 (11.0.14.1+1, mixed mode, sharing, tiered, compressed oops, g1 gc, linux-amd64)
Heap:
 garbage-first heap   total 165888K, used 65856K [0x0000000085800000, 0x0000000100000000)
  region size 1024K, 3 young (3072K), 2 survivors (2048K)
 Metaspace       used 32143K, capacity 33225K, committed 33328K, reserved 1079296K
  class space    used 3889K, capacity 4477K, committed 4480K, reserved 1048576K
GC Heap History (20 events):
Event: 809.691 GC heap before
{Heap before GC invocations=170 (full 0):
 garbage-first heap   total 165888K, used 76615K [0x0000000085800000, 0x0000000100000000)
  region size 1024K, 5 young (5120K), 2 survivors (2048K)
 Metaspace       used 31997K, capacity 33090K, committed 33328K, reserved 1079296K
  class space    used 3889K, capacity 4477K, committed 4480K, reserved 1048576K
}
Event: 809.693 GC heap after
{Heap after GC invocations=171 (full 0):
 garbage-first heap   total 165888K, used 36696K [0x0000000085800000, 0x0000000100000000)
  region size 1024K, 2 young (2048K), 2 survivors (2048K)
 Metaspace       used 31997K, capacity 33090K, committed 33328K, reserved 1079296K
  class space    used 3889K, capacity 4477K, committed 4480K, reserved 1048576K
}
Event: 810.036 GC heap before
{Heap before GC invocations=172 (full 0):
 garbage-first heap   total 165888K, used 79704K [0x0000000085800000, 0x0000000100000000)
  region size 1024K, 9 young (9216K), 2 survivors (2048K)
 Metaspace       used 31998K, capacity 33090K, committed 33328K, reserved 1079296K
  class space    used 3889K, capacity 4477K, committed 4480K, reserved 1048576K
}
Event: 810.038 GC heap after
{Heap after GC invocations=173 (full 0):
 garbage-first heap   total 165888K, used 70029K [0x0000000085800000, 0x0000000100000000)
  region size 1024K, 2 young (2048K), 2 survivors (2048K)
 Metaspace       used 31998K, capacity 33090K, committed 33328K, reserved 1079296K
  class space    used 3889K, capacity 4477K, committed 4480K, reserved 1048576K
}
Event: 810.228 GC heap before
{Heap before GC invocations=174 (full 0):
 garbage-first heap   total 165888K, used 77197K [0x0000000085800000, 0x0000000100000000)
  region size 1024K, 4 young (4096K), 2 survivors (2048K)
 Metaspace       used 31998K, capacity 33090K, committed 33328K, reserved 1079296K
  class space    used 3889K, capacity 4477K, committed 4480K, reserved 1048576K
}
Event: 810.229 GC heap after
{Heap after GC invocations=175 (full 0):
 garbage-first heap   total 165888K, used 69724K [0x0000000085800000, 0x0000000100000000)
  region size 1024K, 1 young (1024K), 1 survivors (1024K)
 Metaspace       used 31998K, capacity 33090K, committed 33328K, reserved 1079296K
  class space    used 3889K, capacity 4477K, committed 4480K, reserved 1048576K
}
Event: 824.278 GC heap before
{Heap before GC invocations=176 (full 0):
 garbage-first heap   total 165888K, used 75868K [0x0000000085800000, 0x0000000100000000)
  region size 1024K, 5 young (5120K), 1 survivors (1024K)
 Metaspace       used 32000K, capacity 33090K, committed 33328K, reserved 1079296K
  class space    used 3889K, capacity 4477K, committed 4480K, reserved 1048576K
}
Event: 824.280 GC heap after
{Heap after GC invocations=177 (full 0):
 garbage-first heap   total 165888K, used 72809K [0x0000000085800000, 0x0000000100000000)
  region size 1024K, 2 young (2048K), 2 survivors (2048K)
 Metaspace       used 32000K, capacity 33090K, committed 33328K, reserved 1079296K
  class space    used 3889K, capacity 4477K, committed 4480K, reserved 1048576K
}
Event: 856.587 GC heap before
{Heap before GC invocations=178 (full 0):
 garbage-first heap   total 165888K, used 104553K [0x0000000085800000, 0x0000000100000000)
  region size 1024K, 31 young (31744K), 2 survivors (2048K)
 Metaspace       used 32016K, capacity 33090K, committed 33328K, reserved 1079296K
  class space    used 3889K, capacity 4477K, committed 4480K, reserved 1048576K
}
Event: 856.589 GC heap after
{Heap after GC invocations=179 (full 0):
 garbage-first heap   total 165888K, used 73355K [0x0000000085800000, 0x0000000100000000)
  region size 1024K, 1 young (1024K), 1 survivors (1024K)
 Metaspace       used 32016K, capacity 33090K, committed 33328K, reserved 1079296K
  class space    used 3889K, capacity 4477K, committed 4480K, reserved 1048576K
}
Event: 904.728 GC heap before
{Heap before GC invocations=179 (full 0):
 garbage-first heap   total 165888K, used 106123K [0x0000000085800000, 0x0000000100000000)
  region size 1024K, 34 young (34816K), 1 survivors (1024K)
 Metaspace       used 32066K, capacity 33222K, committed 33328K, reserved 1079296K
  class space    used 3889K, capacity 4477K, committed 4480K, reserved 1048576K
}
Event: 904.729 GC heap after
{Heap after GC invocations=180 (full 0):
 garbage-first heap   total 165888K, used 73386K [0x0000000085800000, 0x0000000100000000)
  region size 1024K, 1 young (1024K), 1 survivors (1024K)
 Metaspace       used 32066K, capacity 33222K, committed 33328K, reserved 1079296K
  class space    used 3889K, capacity 4477K, committed 4480K, reserved 1048576K
}
Event: 980.016 GC heap before
{Heap before GC invocations=181 (full 0):
 garbage-first heap   total 165888K, used 110250K [0x0000000085800000, 0x0000000100000000)
  region size 1024K, 38 young (38912K), 1 survivors (1024K)
 Metaspace       used 32108K, capacity 33225K, committed 33328K, reserved 1079296K
  class space    used 3889K, capacity 4477K, committed 4480K, reserved 1048576K
}
Event: 980.018 GC heap after
{Heap after GC invocations=182 (full 0):
 garbage-first heap   total 165888K, used 74512K [0x0000000085800000, 0x0000000100000000)
  region size 1024K, 2 young (2048K), 2 survivors (2048K)
 Metaspace       used 32108K, capacity 33225K, committed 33328K, reserved 1079296K
  class space    used 3889K, capacity 4477K, committed 4480K, reserved 1048576K
}
Event: 990.669 GC heap before
{Heap before GC invocations=182 (full 0):
 garbage-first heap   total 165888K, used 78608K [0x0000000085800000, 0x0000000100000000)
  region size 1024K, 7 young (7168K), 2 survivors (2048K)
 Metaspace       used 32118K, capacity 33225K, committed 33328K, reserved 1079296K
  class space    used 3889K, capacity 4477K, committed 4480K, reserved 1048576K
}
Event: 990.677 GC heap after
{Heap after GC invocations=183 (full 0):
 garbage-first heap   total 165888K, used 73605K [0x0000000085800000, 0x0000000100000000)
  region size 1024K, 1 young (1024K), 1 survivors (1024K)
 Metaspace       used 32118K, capacity 33225K, committed 33328K, reserved 1079296K
  class space    used 3889K, capacity 4477K, committed 4480K, reserved 1048576K
}
Event: 1028.053 GC heap before
{Heap before GC invocations=184 (full 0):
 garbage-first heap   total 165888K, used 82821K [0x0000000085800000, 0x0000000100000000)
  region size 1024K, 7 young (7168K), 1 survivors (1024K)
 Metaspace       used 32122K, capacity 33225K, committed 33328K, reserved 1079296K
  class space    used 3889K, capacity 4477K, committed 4480K, reserved 1048576K
}
Event: 1028.055 GC heap after
{Heap after GC invocations=185 (full 0):
 garbage-first heap   total 165888K, used 78191K [0x0000000085800000, 0x0000000100000000)
  region size 1024K, 2 young (2048K), 2 survivors (2048K)
 Metaspace       used 32122K, capacity 33225K, committed 33328K, reserved 1079296K
  class space    used 3889K, capacity 4477K, committed 4480K, reserved 1048576K
}
Event: 3277.377 GC heap before
{Heap before GC invocations=186 (full 0):
 garbage-first heap   total 165888K, used 101743K [0x0000000085800000, 0x0000000100000000)
  region size 1024K, 22 young (22528K), 2 survivors (2048K)
 Metaspace       used 32143K, capacity 33225K, committed 33328K, reserved 1079296K
  class space    used 3889K, capacity 4477K, committed 4480K, reserved 1048576K
}
Event: 3277.390 GC heap after
{Heap after GC invocations=187 (full 0):
 garbage-first heap   total 165888K, used 63808K [0x0000000085800000, 0x0000000100000000)
  region size 1024K, 2 young (2048K), 2 survivors (2048K)
 Metaspace       used 32143K, capacity 33225K, committed 33328K, reserved 1079296K
  class space    used 3889K, capacity 4477K, committed 4480K, reserved 1048576K
}

