# JRE version: OpenJDK Runtime Environment 18.9 (11.0.14.1+1) (build 11.0.14.1+1)
# Java VM: OpenJDK 64-Bit Server VM 18.9 (11.0.14.1+1, mixed mode, sharing, tiered, compressed oops, g1 gc, linux-amd64)
Heap:
 garbage-first heap   total 231424K, used 106051K [0x0000000085800000, 0x0000000100000000)
  region size 1024K, 3 young (3072K), 2 survivors (2048K)
 Metaspace       used 33637K, capacity 34491K, committed 35504K, reserved 1081344K
  class space    used 3893K, capacity 4326K, committed 4608K, reserved 1048576K
GC Heap History (20 events):
Event: 11752.985 GC heap before
{Heap before GC invocations=176 (full 0):
 garbage-first heap   total 231424K, used 112348K [0x0000000085800000, 0x0000000100000000)
  region size 1024K, 12 young (12288K), 4 survivors (4096K)
 Metaspace       used 33378K, capacity 34224K, committed 35248K, reserved 1079296K
  class space    used 3879K, capacity 4324K, committed 4608K, reserved 1048576K
}
Event: 11753.000 GC heap after
{Heap after GC invocations=177 (full 0):
 garbage-first heap   total 231424K, used 85987K [0x0000000085800000, 0x0000000100000000)
  region size 1024K, 3 young (3072K), 3 survivors (3072K)
 Metaspace       used 33378K, capacity 34224K, committed 35248K, reserved 1079296K
  class space    used 3879K, capacity 4324K, committed 4608K, reserved 1048576K
}
Event: 11753.180 GC heap before
{Heap before GC invocations=178 (full 0):
 garbage-first heap   total 231424K, used 104419K [0x0000000085800000, 0x0000000100000000)
  region size 1024K, 6 young (6144K), 3 survivors (3072K)
 Metaspace       used 33384K, capacity 34224K, committed 35248K, reserved 1079296K
  class space    used 3879K, capacity 4324K, committed 4608K, reserved 1048576K
}
Event: 11753.188 GC heap after
{Heap after GC invocations=179 (full 0):
 garbage-first heap   total 231424K, used 65392K [0x0000000085800000, 0x0000000100000000)
  region size 1024K, 3 young (3072K), 3 survivors (3072K)
 Metaspace       used 33384K, capacity 34224K, committed 35248K, reserved 1079296K
  class space    used 3879K, capacity 4324K, committed 4608K, reserved 1048576K
}
Event: 11756.038 GC heap before
{Heap before GC invocations=180 (full 0):
 garbage-first heap   total 231424K, used 108400K [0x0000000085800000, 0x0000000100000000)
  region size 1024K, 10 young (10240K), 3 survivors (3072K)
 Metaspace       used 33401K, capacity 34288K, committed 35248K, reserved 1079296K
  class space    used 3879K, capacity 4324K, committed 4608K, reserved 1048576K
}
Event: 11756.041 GC heap after
{Heap after GC invocations=181 (full 0):
 garbage-first heap   total 231424K, used 97497K [0x0000000085800000, 0x0000000100000000)
  region size 1024K, 2 young (2048K), 2 survivors (2048K)
 Metaspace       used 33401K, capacity 34288K, committed 35248K, reserved 1079296K
  class space    used 3879K, capacity 4324K, committed 4608K, reserved 1048576K
}
Event: 11772.958 GC heap before
{Heap before GC invocations=182 (full 0):
 garbage-first heap   total 231424K, used 113881K [0x0000000085800000, 0x0000000100000000)
  region size 1024K, 7 young (7168K), 2 survivors (2048K)
 Metaspace       used 33406K, capacity 34289K, committed 35248K, reserved 1079296K
  class space    used 3879K, capacity 4324K, committed 4608K, reserved 1048576K
}
Event: 11772.972 GC heap after
{Heap after GC invocations=183 (full 0):
 garbage-first heap   total 231424K, used 76187K [0x0000000085800000, 0x0000000100000000)
  region size 1024K, 1 young (1024K), 1 survivors (1024K)
 Metaspace       used 33406K, capacity 34289K, committed 35248K, reserved 1079296K
  class space    used 3879K, capacity 4324K, committed 4608K, reserved 1048576K
}
Event: 11931.779 GC heap before
{Heap before GC invocations=184 (full 0):
 garbage-first heap   total 231424K, used 152987K [0x0000000085800000, 0x0000000100000000)
  region size 1024K, 72 young (73728K), 1 survivors (1024K)
 Metaspace       used 33550K, capacity 34363K, committed 35248K, reserved 1079296K
  class space    used 3893K, capacity 4326K, committed 4608K, reserved 1048576K
}
Event: 11931.781 GC heap after
{Heap after GC invocations=185 (full 0):
 garbage-first heap   total 231424K, used 39986K [0x0000000085800000, 0x0000000100000000)
  region size 1024K, 2 young (2048K), 2 survivors (2048K)
 Metaspace       used 33550K, capacity 34363K, committed 35248K, reserved 1079296K
  class space    used 3893K, capacity 4326K, committed 4608K, reserved 1048576K
}
Event: 14273.095 GC heap before
{Heap before GC invocations=185 (full 0):
 garbage-first heap   total 231424K, used 132146K [0x0000000085800000, 0x0000000100000000)
  region size 1024K, 93 young (95232K), 2 survivors (2048K)
 Metaspace       used 33550K, capacity 34363K, committed 35248K, reserved 1079296K
  class space    used 3893K, capacity 4326K, committed 4608K, reserved 1048576K
}
Event: 14273.107 GC heap after
{Heap after GC invocations=186 (full 0):
 garbage-first heap   total 231424K, used 36627K [0x0000000085800000, 0x0000000100000000)
  region size 1024K, 3 young (3072K), 3 survivors (3072K)
 Metaspace       used 33550K, capacity 34363K, committed 35248K, reserved 1079296K
  class space    used 3893K, capacity 4326K, committed 4608K, reserved 1048576K
}
Event: 22155.781 GC heap before
{Heap before GC invocations=186 (full 0):
 garbage-first heap   total 231424K, used 139027K [0x0000000085800000, 0x0000000100000000)
  region size 1024K, 103 young (105472K), 3 survivors (3072K)
 Metaspace       used 33558K, capacity 34363K, committed 35248K, reserved 1079296K
  class space    used 3893K, capacity 4326K, committed 4608K, reserved 1048576K
}
Event: 22155.801 GC heap after
{Heap after GC invocations=187 (full 0):
 garbage-first heap   total 231424K, used 28187K [0x0000000085800000, 0x0000000100000000)
  region size 1024K, 2 young (2048K), 2 survivors (2048K)
 Metaspace       used 33558K, capacity 34363K, committed 35248K, reserved 1079296K
  class space    used 3893K, capacity 4326K, committed 4608K, reserved 1048576K
}
Event: 22265.315 GC heap before
{Heap before GC invocations=187 (full 0):
 garbage-first heap   total 231424K, used 141851K [0x0000000085800000, 0x0000000100000000)
  region size 1024K, 114 young (116736K), 2 survivors (2048K)
 Metaspace       used 33590K, capacity 34427K, committed 35248K, reserved 1079296K
  class space    used 3893K, capacity 4326K, committed 4608K, reserved 1048576K
}
Event: 22265.321 GC heap after
{Heap after GC invocations=188 (full 0):
 garbage-first heap   total 231424K, used 28164K [0x0000000085800000, 0x0000000100000000)
  region size 1024K, 2 young (2048K), 2 survivors (2048K)
 Metaspace       used 33590K, capacity 34427K, committed 35248K, reserved 1079296K
  class space    used 3893K, capacity 4326K, committed 4608K, reserved 1048576K
}
Event: 22516.831 GC heap before
{Heap before GC invocations=188 (full 0):
 garbage-first heap   total 231424K, used 148996K [0x0000000085800000, 0x0000000100000000)
  region size 1024K, 120 young (122880K), 2 survivors (2048K)
 Metaspace       used 33608K, capacity 34427K, committed 35248K, reserved 1079296K
  class space    used 3893K, capacity 4326K, committed 4608K, reserved 1048576K
}
Event: 22516.834 GC heap after
{Heap after GC invocations=189 (full 0):
 garbage-first heap   total 231424K, used 29120K [0x0000000085800000, 0x0000000100000000)
  region size 1024K, 3 young (3072K), 3 survivors (3072K)
 Metaspace       used 33608K, capacity 34427K, committed 35248K, reserved 1079296K
  class space    used 3893K, capacity 4326K, committed 4608K, reserved 1048576K
}
Event: 22999.944 GC heap before
{Heap before GC invocations=189 (full 0):
 garbage-first heap   total 231424K, used 136640K [0x0000000085800000, 0x0000000100000000)
  region size 1024K, 36 young (36864K), 3 survivors (3072K)
 Metaspace       used 33636K, capacity 34491K, committed 35504K, reserved 1081344K
  class space    used 3893K, capacity 4326K, committed 4608K, reserved 1048576K
}
Event: 22999.946 GC heap after
{Heap after GC invocations=190 (full 0):
 garbage-first heap   total 231424K, used 102979K [0x0000000085800000, 0x0000000100000000)
  region size 1024K, 2 young (2048K), 2 survivors (2048K)
 Metaspace       used 33636K, capacity 34491K, committed 35504K, reserved 1081344K
  class space    used 3893K, capacity 4326K, committed 4608K, reserved 1048576K
}

